This is pdfTeX, Version 3.141592653-2.6-1.40.27 (TeX Live 2025) (preloaded format=pdflatex 2025.3.8)  4 MAR 2026 11:15
entering extended mode
 restricted \write18 enabled.
 %&-line parsing enabled.
**paper.tex paper.pdf
(./paper.tex
LaTeX2e <2024-11-01> patch level 2
L3 programming layer <2025-01-18>
(/usr/local/texlive/2025/texmf-dist/tex/latex/base/article.cls
Document Class: article 2024/06/29 v1.4n Standard LaTeX document class
(/usr/local/texlive/2025/texmf-dist/tex/latex/base/size10.clo
File: size10.clo 2024/06/29 v1.4n Standard LaTeX file (size option)
)
\c@part=\count196
\c@section=\count197
\c@subsection=\count198
\c@subsubsection=\count199
\c@paragraph=\count266
\c@subparagraph=\count267
\c@figure=\count268
\c@table=\count269
\abovecaptionskip=\skip49
\belowcaptionskip=\skip50
\bibindent=\dimen141
)
(/usr/local/texlive/2025/texmf-dist/tex/latex/geometry/geometry.sty
Package: geometry 2020/01/02 v5.9 Page Geometry

(/usr/local/texlive/2025/texmf-dist/tex/latex/graphics/keyval.sty
Package: keyval 2022/05/29 v1.15 key=value parser (DPC)
\KV@toks@=\toks17
)
(/usr/local/texlive/2025/texmf-dist/tex/generic/iftex/ifvtex.sty
Package: ifvtex 2019/10/25 v1.7 ifvtex legacy package. Use iftex instead.

(/usr/local/texlive/2025/texmf-dist/tex/generic/iftex/iftex.sty
Package: iftex 2024/12/12 v1.0g TeX engine tests
))
\Gm@cnth=\count270
\Gm@cntv=\count271
\c@Gm@tempcnt=\count272
\Gm@bindingoffset=\dimen142
\Gm@wd@mp=\dimen143
\Gm@odd@mp=\dimen144
\Gm@even@mp=\dimen145
\Gm@layoutwidth=\dimen146
\Gm@layoutheight=\dimen147
\Gm@layouthoffset=\dimen148
\Gm@layoutvoffset=\dimen149
\Gm@dimlist=\toks18
)
(/usr/local/texlive/2025/texmf-dist/tex/latex/amsmath/amsmath.sty
Package: amsmath 2024/11/05 v2.17t AMS math features
\@mathmargin=\skip51

For additional information on amsmath, use the `?' option.
(/usr/local/texlive/2025/texmf-dist/tex/latex/amsmath/amstext.sty
Package: amstext 2021/08/26 v2.01 AMS text

(/usr/local/texlive/2025/texmf-dist/tex/latex/amsmath/amsgen.sty
File: amsgen.sty 1999/11/30 v2.0 generic functions
\@emptytoks=\toks19
\ex@=\dimen150
))
(/usr/local/texlive/2025/texmf-dist/tex/latex/amsmath/amsbsy.sty
Package: amsbsy 1999/11/29 v1.2d Bold Symbols
\pmbraise@=\dimen151
)
(/usr/local/texlive/2025/texmf-dist/tex/latex/amsmath/amsopn.sty
Package: amsopn 2022/04/08 v2.04 operator names
)
\inf@bad=\count273
LaTeX Info: Redefining \frac on input line 233.
\uproot@=\count274
\leftroot@=\count275
LaTeX Info: Redefining \overline on input line 398.
LaTeX Info: Redefining \colon on input line 409.
\classnum@=\count276
\DOTSCASE@=\count277
LaTeX Info: Redefining \ldots on input line 495.
LaTeX Info: Redefining \dots on input line 498.
LaTeX Info: Redefining \cdots on input line 619.
\Mathstrutbox@=\box52
\strutbox@=\box53
LaTeX Info: Redefining \big on input line 721.
LaTeX Info: Redefining \Big on input line 722.
LaTeX Info: Redefining \bigg on input line 723.
LaTeX Info: Redefining \Bigg on input line 724.
\big@size=\dimen152
LaTeX Font Info:    Redeclaring font encoding OML on input line 742.
LaTeX Font Info:    Redeclaring font encoding OMS on input line 743.
\macc@depth=\count278
LaTeX Info: Redefining \bmod on input line 904.
LaTeX Info: Redefining \pmod on input line 909.
LaTeX Info: Redefining \smash on input line 939.
LaTeX Info: Redefining \relbar on input line 969.
LaTeX Info: Redefining \Relbar on input line 970.
\c@MaxMatrixCols=\count279
\dotsspace@=\muskip17
\c@parentequation=\count280
\dspbrk@lvl=\count281
\tag@help=\toks20
\row@=\count282
\column@=\count283
\maxfields@=\count284
\andhelp@=\toks21
\eqnshift@=\dimen153
\alignsep@=\dimen154
\tagshift@=\dimen155
\tagwidth@=\dimen156
\totwidth@=\dimen157
\lineht@=\dimen158
\@envbody=\toks22
\multlinegap=\skip52
\multlinetaggap=\skip53
\mathdisplay@stack=\toks23
LaTeX Info: Redefining \[ on input line 2953.
LaTeX Info: Redefining \] on input line 2954.
)
(/usr/local/texlive/2025/texmf-dist/tex/latex/amsfonts/amssymb.sty
Package: amssymb 2013/01/14 v3.01 AMS font symbols

(/usr/local/texlive/2025/texmf-dist/tex/latex/amsfonts/amsfonts.sty
Package: amsfonts 2013/01/14 v3.01 Basic AMSFonts support
\symAMSa=\mathgroup4
\symAMSb=\mathgroup5
LaTeX Font Info:    Redeclaring math symbol \hbar on input line 98.
LaTeX Font Info:    Overwriting math alphabet `\mathfrak' in version `bold'
(Font)                  U/euf/m/n --> U/euf/b/n on input line 106.
))
(/usr/local/texlive/2025/texmf-dist/tex/latex/amscls/amsthm.sty
Package: amsthm 2020/05/29 v2.20.6
\thm@style=\toks24
\thm@bodyfont=\toks25
\thm@headfont=\toks26
\thm@notefont=\toks27
\thm@headpunct=\toks28
\thm@preskip=\skip54
\thm@postskip=\skip55
\thm@headsep=\skip56
\dth@everypar=\toks29
)
(/usr/local/texlive/2025/texmf-dist/tex/latex/stmaryrd/stmaryrd.sty
Package: stmaryrd 1994/03/03 St Mary's Road symbol package
\symstmry=\mathgroup6
LaTeX Font Info:    Overwriting symbol font `stmry' in version `bold'
(Font)                  U/stmry/m/n --> U/stmry/b/n on input line 89.
)
(./styles/ottalt.sty

LaTeX Warning: You have requested package `./styles/ottalt',
               but the package provides `ottalt'.

Package: ottalt 2013/03/14 v0.11 alternate Ott layout style
(./styles/mathpartir.sty

LaTeX Warning: You have requested package `styles/mathpartir',
               but the package provides `mathpartir'.

Package: mathpartir 2016/02/24 version 1.3.2 Math Paragraph for Typesetting Inf
erence Rules
\mpr@andskip=\skip57
\mpr@lista=\toks30
\mpr@listb=\toks31
\mpr@hlist=\box54
\mpr@vlist=\box55
\mpr@right=\box56
) (/usr/local/texlive/2025/texmf-dist/tex/latex/base/ifthen.sty
Package: ifthen 2024/03/16 v1.1e Standard LaTeX ifthen package (DPC)
)
(./styles/listproc.sty

LaTeX Warning: You have requested package `styles/listproc',
               but the package provides `listproc'.

Package: listproc 2011/08/03 v0.2 (list processing)
\lstp@ta=\toks32
\lstp@tb=\toks33
\c@lstp@ifsucc=\count285
\c@lstp@FormatList@length=\count286
\c@lstp@FormatList@posn=\count287
)
\ottalt@premisetoks=\toks34
) (/usr/local/texlive/2025/texmf-dist/tex/latex/supertabular/supertabular.sty
Package: supertabular 2024/07/20 v4.2c the supertabular environment
\c@tracingst=\count288
\ST@wd=\dimen159
\ST@rightskip=\skip58
\ST@leftskip=\skip59
\ST@parfillskip=\skip60
\ST@pageleft=\dimen160
\ST@headht=\dimen161
\ST@tailht=\dimen162
\ST@pagesofar=\dimen163
\ST@pboxht=\dimen164
\ST@rowht=\dimen165
\ST@prevht=\dimen166
\ST@toadd=\dimen167
\ST@dimen=\dimen168
\ST@pbox=\box57
) (./lambdaSCE.tex)
\c@theorem=\count289


! LaTeX Error: Command \sbox already defined.
               Or name \end... illegal, see p.192 of the manual.

See the LaTeX manual or LaTeX Companion for explanation.
Type  H <return>  for immediate help.
 ...                                              
                                                  
l.35 ...and{\sbox}{\mathbin{\hat{\triangleright}}}
                                                  
? 
(/usr/local/texlive/2025/texmf-dist/tex/latex/l3backend/l3backend-pdftex.def
File: l3backend-pdftex.def 2024-05-08 L3 backend support: PDF output (pdfTeX)
\l__color_backend_stack_int=\count290
\l__pdf_internal_box=\box58
)
(./paper.aux)
\openout1 = `paper.aux'.

LaTeX Font Info:    Checking defaults for OML/cmm/m/it on input line 54.
LaTeX Font Info:    ... okay on input line 54.
LaTeX Font Info:    Checking defaults for OMS/cmsy/m/n on input line 54.
LaTeX Font Info:    ... okay on input line 54.
LaTeX Font Info:    Checking defaults for OT1/cmr/m/n on input line 54.
LaTeX Font Info:    ... okay on input line 54.
LaTeX Font Info:    Checking defaults for T1/cmr/m/n on input line 54.
LaTeX Font Info:    ... okay on input line 54.
LaTeX Font Info:    Checking defaults for TS1/cmr/m/n on input line 54.
LaTeX Font Info:    ... okay on input line 54.
LaTeX Font Info:    Checking defaults for OMX/cmex/m/n on input line 54.
LaTeX Font Info:    ... okay on input line 54.
LaTeX Font Info:    Checking defaults for U/cmr/m/n on input line 54.
LaTeX Font Info:    ... okay on input line 54.

*geometry* driver: auto-detecting
*geometry* detected driver: pdftex
*geometry* verbose mode - [ preamble ] result:
* driver: pdftex
* paper: <default>
* layout: <same size as paper>
* layoutoffset:(h,v)=(0.0pt,0.0pt)
* modes: 
* h-part:(L,W,R)=(72.26999pt, 469.75502pt, 72.26999pt)
* v-part:(T,H,B)=(72.26999pt, 650.43001pt, 72.26999pt)
* \paperwidth=614.295pt
* \paperheight=794.96999pt
* \textwidth=469.75502pt
* \textheight=650.43001pt
* \oddsidemargin=0.0pt
* \evensidemargin=0.0pt
* \topmargin=-37.0pt
* \headheight=12.0pt
* \headsep=25.0pt
* \topskip=10.0pt
* \footskip=30.0pt
* \marginparwidth=65.0pt
* \marginparsep=11.0pt
* \columnsep=10.0pt
* \skip\footins=9.0pt plus 4.0pt minus 2.0pt
* \hoffset=0.0pt
* \voffset=0.0pt
* \mag=1000
* \@twocolumnfalse
* \@twosidefalse
* \@mparswitchfalse
* \@reversemarginfalse
* (1in=72.27pt=25.4mm, 1cm=28.453pt)

LaTeX Font Info:    Trying to load font information for U+msa on input line 55.

(/usr/local/texlive/2025/texmf-dist/tex/latex/amsfonts/umsa.fd
File: umsa.fd 2013/01/14 v3.01 AMS symbols A
)
LaTeX Font Info:    Trying to load font information for U+msb on input line 55.


(/usr/local/texlive/2025/texmf-dist/tex/latex/amsfonts/umsb.fd
File: umsb.fd 2013/01/14 v3.01 AMS symbols B
)
LaTeX Font Info:    Trying to load font information for U+stmry on input line 5
5.

(/usr/local/texlive/2025/texmf-dist/tex/latex/stmaryrd/Ustmry.fd)
Underfull \hbox (badness 10000) in paragraph at lines 81--81

 []



[1

{/usr/local/texlive/2025/texmf-var/fonts/map/pdftex/updmap/pdftex.map}]
Underfull \hbox (badness 10000) in paragraph at lines 86--86

 []


Underfull \hbox (badness 10000) in paragraph at lines 89--89

 []


Underfull \hbox (badness 10000) in paragraph at lines 92--92

 []



[2]
! Missing number, treated as zero.
<to be read again> 
                   \protect 
l.117   & & \mid & \shat{e}_1 \sbox \shat{e}
                                            _2
? 
! A <box> was supposed to be here.
<to be read again> 
                   \gdef 
l.117   & & \mid & \shat{e}_1 \sbox \shat{e}
                                            _2
? 
! Missing { inserted.
<to be read again> 
                   $
l.117   & & \mid & \shat{e}_1 \sbox \shat{e}
                                            _2
? 
! Extra }, or forgotten $.
<recently read> }
                 
l.117   & & \mid & \shat{e}_1 \sbox \shat{e}
                                            _2
? 
! Missing { inserted.
<to be read again> 
                   }
l.117   & & \mid & \shat{e}_1 \sbox \shat{e}
                                            _2
? 
! Missing $ inserted.
<inserted text> 
                $
l.117   & & \mid & \shat{e}_1 \sbox \shat{e}
                                            _2
? 
! Missing \endgroup inserted.
<inserted text> 
                \endgroup 
l.117   & & \mid & \shat{e}_1 \sbox \shat{e}
                                            _2
? 
! Missing } inserted.
<inserted text> 
                }
l.117   & & \mid & \shat{e}_1 \sbox \shat{e}
                                            _2
? 
! Missing } inserted.
<inserted text> 
                }
l.117   & & \mid & \shat{e}_1 \sbox \shat{e}
                                            _2
? 
! Missing } inserted.
<inserted text> 
                }
l.117   & & \mid & \shat{e}_1 \sbox \shat{e}
                                            _2
? 
! Missing $ inserted.
<inserted text> 
                $
l.117   & & \mid & \shat{e}_1 \sbox \shat{e}
                                            _2
? 
! Missing } inserted.
<inserted text> 
                }
l.117   & & \mid & \shat{e}_1 \sbox \shat{e}
                                            _2
? 
! Missing $ inserted.
<inserted text> 
                $
l.117   & & \mid & \shat{e}_1 \sbox \shat{e}
                                            _2
? 
! Missing } inserted.
<inserted text> 
                }
l.117   & & \mid & \shat{e}_1 \sbox \shat{e}
                                            _2
? 
! Missing \cr inserted.
<inserted text> 
                \cr 
l.117   & & \mid & \shat{e}_1 \sbox \shat{e}
                                            _2
? 
! Missing $ inserted.
<inserted text> 
                $
l.117   & & \mid & \shat{e}_1 \sbox \shat{e}
                                            _2
? 
! Missing } inserted.
<inserted text> 
                }
l.117   & & \mid & \shat{e}_1 \sbox \shat{e}
                                            _2
? 
! Extra }, or forgotten $.
\sbox  ...box {\color@setgroup #2\color@endgroup }
                                                  
l.117   & & \mid & \shat{e}_1 \sbox \shat{e}
                                            _2
? 
! Misplaced alignment tab character &.
<recently read> &
                 
l.122   &
          & \mid & \slet{\shat{e}_1}{\mathcal{A}}{\shat{e}_2}
? 
! Misplaced alignment tab character &.
l.122   & &
            \mid & \slet{\shat{e}_1}{\mathcal{A}}{\shat{e}_2}
? 
! Misplaced alignment tab character &.
l.122   & & \mid &
                   \slet{\shat{e}_1}{\mathcal{A}}{\shat{e}_2}
? 
! Misplaced alignment tab character &.
<recently read> &
                 
l.124   &
          & \mid & \Struct{\sigma}{\shat{e}}
? 
! Misplaced alignment tab character &.
l.124   & &
            \mid & \Struct{\sigma}{\shat{e}}
? 
! Misplaced alignment tab character &.
l.124   & & \mid &
                   \Struct{\sigma}{\shat{e}}
? 
! Misplaced alignment tab character &.
<recently read> &
                 
l.126   &
          & \mid & \mclos{\shat{v}}{\mathcal{A}}{\shat{e}}
? 
! Misplaced alignment tab character &.
l.126   & &
            \mid & \mclos{\shat{v}}{\mathcal{A}}{\shat{e}}
? 
! Misplaced alignment tab character &.
l.126   & & \mid &
                   \mclos{\shat{v}}{\mathcal{A}}{\shat{e}}
? 
! Misplaced \crcr.
\endarray ->\crcr 
                  \egroup \egroup 
l.128 \end{array}
                 
? 
! Extra }, or forgotten $.
\endarray ->\crcr \egroup 
                          \egroup 
l.128 \end{array}
                 
? 
! Extra }, or forgotten $.
\endarray ->\crcr \egroup \egroup 
                                  
l.128 \end{array}
                 
? 

! LaTeX Error: \begin{equation*} on input line 100 ended by \end{array}.

See the LaTeX manual or LaTeX Companion for explanation.
Type  H <return>  for immediate help.
 ...                                              
                                                  
l.128 \end{array}
                 
? 
! Missing $ inserted.
<inserted text> 
                $
l.128 \end{array}
                 
? 
! Display math should end with $$.
<to be read again> 
                   \endgroup 
l.128 \end{array}
                 
? 

Overfull \hbox (336.85979pt too wide) detected at line 128
[][] \OMS/cmsy/m/n/10 j h[]\OML/cmm/m/it/10 ;  [] \OMS/cmsy/m/n/10 A\OML/cmm/m/
it/10 : []\OMS/cmsy/m/n/10 i j f\OML/cmm/m/it/10 l \OT1/cmr/m/n/10 = []\OMS/cms
y/m/n/10 g j []\OML/cmm/m/it/10 :l \OMS/cmsy/m/n/10 j []\OML/cmm/m/it/10 :n[]  
\OMS/cmsy/m/n/10 j [] [] \OT1/cmr/m/n/10 : \OMS/cmsy/m/n/10 A [] [] j [] [] [] 
[][]  j [][] [] j [][]\OT1/cmr/m/n/10 (\OMS/cmsy/m/n/10 A\OT1/cmr/m/n/10 ) [][]
  \OMS/cmsy/m/n/10 j h[]\OML/cmm/m/it/10 ;  \OMS/cmsy/m/n/10 A\OML/cmm/m/it/10 
;  []\OMS/cmsy/m/n/10 i[] j []\OT1/cmr/m/n/10 ([]\OML/cmm/m/it/10 ;  []\OT1/cmr
/m/n/10 )
 []


! LaTeX Error: Bad math environment delimiter.

See the LaTeX manual or LaTeX Companion for explanation.
Type  H <return>  for immediate help.
 ...                                              
                                                  
l.129 \]
        
? 

! LaTeX Error: \begin{document} ended by \end{equation*}.

See the LaTeX manual or LaTeX Companion for explanation.
Type  H <return>  for immediate help.
 ...                                              
                                                  
l.129 \]
        
? 
! Missing $ inserted.
<inserted text> 
                $
l.129 \]
        
? 
! Display math should end with $$.
<to be read again> 
                   \endgroup 
l.129 \]
        
? 
! Extra \endgroup.
<recently read> \endgroup 
                          
l.129 \]
        
? 
! Missing number, treated as zero.
<to be read again> 
                   \protect 
l.192 ...thcal{A} \elmark e_1 \triangleright e_2 }
                                                  
? 
! A <box> was supposed to be here.
<to be read again> 
                   \gdef 
l.192 ...thcal{A} \elmark e_1 \triangleright e_2 }
                                                  
? 
! Missing { inserted.
<to be read again> 
                   $
l.192 ...thcal{A} \elmark e_1 \triangleright e_2 }
                                                  
? 
! Extra }, or forgotten $.
<recently read> }
                 
l.192 ...thcal{A} \elmark e_1 \triangleright e_2 }
                                                  
? 
! Missing { inserted.
<to be read again> 
                   }
l.192 ...thcal{A} \elmark e_1 \triangleright e_2 }
                                                  
? 
! Missing $ inserted.
<inserted text> 
                $
l.192 ...thcal{A} \elmark e_1 \triangleright e_2 }
                                                  
? 
! Missing \endgroup inserted.
<inserted text> 
                \endgroup 
l.192 ...thcal{A} \elmark e_1 \triangleright e_2 }
                                                  
? 
! Missing } inserted.
<inserted text> 
                }
l.192 ...thcal{A} \elmark e_1 \triangleright e_2 }
                                                  
? 
! Missing } inserted.
<inserted text> 
                }
l.192 ...thcal{A} \elmark e_1 \triangleright e_2 }
                                                  
? 
! Missing } inserted.
<inserted text> 
                }
l.192 ...thcal{A} \elmark e_1 \triangleright e_2 }
                                                  
? 
! Missing $ inserted.
<inserted text> 
                $
l.192 ...thcal{A} \elmark e_1 \triangleright e_2 }
                                                  
? 
! Missing } inserted.
<inserted text> 
                }
l.192 ...thcal{A} \elmark e_1 \triangleright e_2 }
                                                  
? 
! Missing $ inserted.
<inserted text> 
                $
l.192 ...thcal{A} \elmark e_1 \triangleright e_2 }
                                                  
? 
! Missing } inserted.
<inserted text> 
                }
l.192 ...thcal{A} \elmark e_1 \triangleright e_2 }
                                                  
? 
! Missing } inserted.
<inserted text> 
                }
l.192 ...thcal{A} \elmark e_1 \triangleright e_2 }
                                                  
? 
! Missing } inserted.
<inserted text> 
                }
l.192 ...thcal{A} \elmark e_1 \triangleright e_2 }
                                                  
? 
! Missing $ inserted.
<inserted text> 
                $
l.192 ...thcal{A} \elmark e_1 \triangleright e_2 }
                                                  
? 
! Missing } inserted.
<inserted text> 
                }
l.192 ...thcal{A} \elmark e_1 \triangleright e_2 }
                                                  
? 
! Missing } inserted.
<inserted text> 
                }
l.192 ...thcal{A} \elmark e_1 \triangleright e_2 }
                                                  
? 
! Missing $ inserted.
<inserted text> 
                $
l.192 ...thcal{A} \elmark e_1 \triangleright e_2 }
                                                  
? 
! Missing } inserted.
<inserted text> 
                }
l.192 ...thcal{A} \elmark e_1 \triangleright e_2 }
                                                  
? 
! Extra }, or forgotten $.
\sbox  ...box {\color@setgroup #2\color@endgroup }
                                                  
l.192 ...thcal{A} \elmark e_1 \triangleright e_2 }
                                                  
? 
! Extra }, or forgotten $.
\mpr@hovbox ...st \fi \box \mpr@vlist \fi \egroup 
                                                  
l.192 ...thcal{A} \elmark e_1 \triangleright e_2 }
                                                  
? 
! Extra }, or forgotten $.
\mpr@fraction ...m $\displaystyle {#1\mpr@over #2}
                                                  $}
l.192 ...thcal{A} \elmark e_1 \triangleright e_2 }
                                                  
? 
! Display math should end with $$.
<to be read again> 
                   }
l.192 ...thcal{A} \elmark e_1 \triangleright e_2 }
                                                  
? 


[3]
! Extra }, or forgotten \endgroup.
<recently read> }
                 
l.192 ...thcal{A} \elmark e_1 \triangleright e_2 }
                                                  
? 
! Extra }, or forgotten \endgroup.
\\mpr@inferrule@ ...rName {#1}}\box 0}\fi \egroup 
                                                  
l.192 ...thcal{A} \elmark e_1 \triangleright e_2 }
                                                  
? 
! Undefined control sequence.
\\mpr@inferstar@ ...fi \box \mpr@right \mpr@vdots 
                                                  $ \ifmpr@vcenter \aftergro...
l.192 ...thcal{A} \elmark e_1 \triangleright e_2 }
                                                  
? 
! Extra }, or forgotten $.
\\mpr@inferstar@ ...ergroup \mpr@vcentertrue \fi }
                                                   \ifmpr@vcenter \box 0 \el...
l.192 ...thcal{A} \elmark e_1 \triangleright e_2 }
                                                  
? 
! Missing $ inserted.
<inserted text> 
                $
l.192 ...thcal{A} \elmark e_1 \triangleright e_2 }
                                                  
? 

! Package mathpartir Error: \inferrule* can only be used in math mode.

See the mathpartir package documentation for explanation.
Type  H <return>  for immediate help.
 ...                                              
                                                  
l.194 \inferrule*
                 [Right=E-Clos]
? 

! Package mathpartir Error: \inferrule* can only be used in math mode.

See the mathpartir package documentation for explanation.
Type  H <return>  for immediate help.
 ...                                              
                                                  
l.199 \inferrule*
                 [Right=E-App]
? 

! Package mathpartir Error: \inferrule* can only be used in math mode.

See the mathpartir package documentation for explanation.
Type  H <return>  for immediate help.
 ...                                              
                                                  
l.204 \inferrule*
                 [Right=E-DMrg]
? 

! Package mathpartir Error: \inferrule* can only be used in math mode.

See the mathpartir package documentation for explanation.
Type  H <return>  for immediate help.
 ...                                              
                                                  
l.209 \inferrule*
                 [Right=E-NMrg]
? 

! Package mathpartir Error: \inferrule* can only be used in math mode.

See the mathpartir package documentation for explanation.
Type  H <return>  for immediate help.
 ...                                              
                                                  
l.215 \inferrule*
                 [Right=E-Rcd]
? 

! Package mathpartir Error: \inferrule* can only be used in math mode.

See the mathpartir package documentation for explanation.
Type  H <return>  for immediate help.
 ...                                              
                                                  
l.219 \inferrule*
                 [Right=E-RProj]
? 

! Package mathpartir Error: \inferrule* can only be used in math mode.

See the mathpartir package documentation for explanation.
Type  H <return>  for immediate help.
 ...                                              
                                                  
l.224 \inferrule*
                 [Right=E-Let]
? 

! Package mathpartir Error: \inferrule* can only be used in math mode.

See the mathpartir package documentation for explanation.
Type  H <return>  for immediate help.
 ...                                              
                                                  
l.229 \inferrule*
                 [Right=E-Open]
? 
! Too many }'s.
\endmathpar ->\unskip \ifmmode $\fi \egroup 
                                            $$\ignorespacesafterend 
l.233 \end{mathpar}
                   
? 

! LaTeX Error: \begin{document} ended by \end{mathpar}.

See the LaTeX manual or LaTeX Companion for explanation.
Type  H <return>  for immediate help.
 ...                                              
                                                  
l.233 \end{mathpar}
                   
? 
! Missing $ inserted.
<inserted text> 
                $
l.233 \end{mathpar}
                   
? 
! Display math should end with $$.
<to be read again> 
                   \endgroup 
l.233 \end{mathpar}
                   
? 
! Extra \endgroup.
<recently read> \endgroup 
                          
l.233 \end{mathpar}
                   
? 
! Missing number, treated as zero.
<to be read again> 
                   \protect 
l.352 ... \sbox \shat{e}_2 \Rightarrow \shat{v}' }
                                                  
? 
! A <box> was supposed to be here.
<to be read again> 
                   \gdef 
l.352 ... \sbox \shat{e}_2 \Rightarrow \shat{v}' }
                                                  
? 
! Missing { inserted.
<to be read again> 
                   $
l.352 ... \sbox \shat{e}_2 \Rightarrow \shat{v}' }
                                                  
? 
! Extra }, or forgotten $.
<recently read> }
                 
l.352 ... \sbox \shat{e}_2 \Rightarrow \shat{v}' }
                                                  
? 
! Missing { inserted.
<to be read again> 
                   }
l.352 ... \sbox \shat{e}_2 \Rightarrow \shat{v}' }
                                                  
? 
! Missing $ inserted.
<inserted text> 
                $
l.352 ... \sbox \shat{e}_2 \Rightarrow \shat{v}' }
                                                  
? 
! Missing \endgroup inserted.
<inserted text> 
                \endgroup 
l.352 ... \sbox \shat{e}_2 \Rightarrow \shat{v}' }
                                                  
? 
! Missing } inserted.
<inserted text> 
                }
l.352 ... \sbox \shat{e}_2 \Rightarrow \shat{v}' }
                                                  
? 
! Missing } inserted.
<inserted text> 
                }
l.352 ... \sbox \shat{e}_2 \Rightarrow \shat{v}' }
                                                  
? 
! Missing } inserted.
<inserted text> 
                }
l.352 ... \sbox \shat{e}_2 \Rightarrow \shat{v}' }
                                                  
? 
! Missing $ inserted.
<inserted text> 
                $
l.352 ... \sbox \shat{e}_2 \Rightarrow \shat{v}' }
                                                  
? 
! Missing } inserted.
<inserted text> 
                }
l.352 ... \sbox \shat{e}_2 \Rightarrow \shat{v}' }
                                                  
? 
! Missing $ inserted.
<inserted text> 
                $
l.352 ... \sbox \shat{e}_2 \Rightarrow \shat{v}' }
                                                  
? 
! Missing } inserted.
<inserted text> 
                }
l.352 ... \sbox \shat{e}_2 \Rightarrow \shat{v}' }
                                                  
? 
! Missing } inserted.
<inserted text> 
                }
l.352 ... \sbox \shat{e}_2 \Rightarrow \shat{v}' }
                                                  
? 
! Missing } inserted.
<inserted text> 
                }
l.352 ... \sbox \shat{e}_2 \Rightarrow \shat{v}' }
                                                  
? 
! Missing $ inserted.
<inserted text> 
                $
l.352 ... \sbox \shat{e}_2 \Rightarrow \shat{v}' }
                                                  
? 
! Missing } inserted.
<inserted text> 
                }
l.352 ... \sbox \shat{e}_2 \Rightarrow \shat{v}' }
                                                  
? 
! Missing } inserted.
<inserted text> 
                }
l.352 ... \sbox \shat{e}_2 \Rightarrow \shat{v}' }
                                                  
? 
! Missing $ inserted.
<inserted text> 
                $
l.352 ... \sbox \shat{e}_2 \Rightarrow \shat{v}' }
                                                  
? 
! Missing } inserted.
<inserted text> 
                }
l.352 ... \sbox \shat{e}_2 \Rightarrow \shat{v}' }
                                                  
? 
! Extra }, or forgotten $.
\sbox  ...box {\color@setgroup #2\color@endgroup }
                                                  
l.352 ... \sbox \shat{e}_2 \Rightarrow \shat{v}' }
                                                  
? 
! Extra }, or forgotten $.
\mpr@hovbox ...st \fi \box \mpr@vlist \fi \egroup 
                                                  
l.352 ... \sbox \shat{e}_2 \Rightarrow \shat{v}' }
                                                  
? 
! Extra }, or forgotten $.
\mpr@fraction ...m $\displaystyle {#1\mpr@over #2}
                                                  $}
l.352 ... \sbox \shat{e}_2 \Rightarrow \shat{v}' }
                                                  
? 
! Display math should end with $$.
<to be read again> 
                   }
l.352 ... \sbox \shat{e}_2 \Rightarrow \shat{v}' }
                                                  
? 
! Extra }, or forgotten \endgroup.
<recently read> }
                 
l.352 ... \sbox \shat{e}_2 \Rightarrow \shat{v}' }
                                                  
? 
! Extra }, or forgotten \endgroup.
\\mpr@inferrule@ ...rName {#1}}\box 0}\fi \egroup 
                                                  
l.352 ... \sbox \shat{e}_2 \Rightarrow \shat{v}' }
                                                  
? 
! Undefined control sequence.
\\mpr@inferstar@ ...fi \box \mpr@right \mpr@vdots 
                                                  $ \ifmpr@vcenter \aftergro...
l.352 ... \sbox \shat{e}_2 \Rightarrow \shat{v}' }
                                                  
? 
! Extra }, or forgotten $.
\\mpr@inferstar@ ...ergroup \mpr@vcentertrue \fi }
                                                   \ifmpr@vcenter \box 0 \el...
l.352 ... \sbox \shat{e}_2 \Rightarrow \shat{v}' }
                                                  
? 
! Missing $ inserted.
<inserted text> 
                $
l.352 ... \sbox \shat{e}_2 \Rightarrow \shat{v}' }
                                                  
? 

! Package mathpartir Error: \inferrule* can only be used in math mode.

See the mathpartir package documentation for explanation.
Type  H <return>  for immediate help.
 ...                                              
                                                  
l.354 \inferrule*
                 [Right=S-App]
? 

! Package mathpartir Error: \inferrule* can only be used in math mode.

See the mathpartir package documentation for explanation.
Type  H <return>  for immediate help.
 ...                                              
                                                  
l.360 \inferrule*
                 [Right=S-App-M]
? 

! Package mathpartir Error: \inferrule* can only be used in math mode.

See the mathpartir package documentation for explanation.
Type  H <return>  for immediate help.
 ...                                              
                                                  
l.366 \inferrule*
                 [Right=S-DMrg]
? 

! Package mathpartir Error: \inferrule* can only be used in math mode.

See the mathpartir package documentation for explanation.
Type  H <return>  for immediate help.
 ...                                              
                                                  
l.371 \inferrule*
                 [Right=S-NMrg]
? 

! Package mathpartir Error: \inferrule* can only be used in math mode.

See the mathpartir package documentation for explanation.
Type  H <return>  for immediate help.
 ...                                              
                                                  
l.376 \inferrule*
                 [Right=S-Rcd]
? 

! Package mathpartir Error: \inferrule* can only be used in math mode.

See the mathpartir package documentation for explanation.
Type  H <return>  for immediate help.
 ...                                              
                                                  
l.380 \inferrule*
                 [Right=S-RProj]
? 

! Package mathpartir Error: \inferrule* can only be used in math mode.

See the mathpartir package documentation for explanation.
Type  H <return>  for immediate help.
 ...                                              
                                                  
l.385 \inferrule*
                 [Right=S-Let]
? 

! Package mathpartir Error: \inferrule* can only be used in math mode.

See the mathpartir package documentation for explanation.
Type  H <return>  for immediate help.
 ...                                              
                                                  
l.390 \inferrule*
                 [Right=S-Open]
? 
! Too many }'s.
\endmathpar ->\unskip \ifmmode $\fi \egroup 
                                            $$\ignorespacesafterend 
l.395 \end{mathpar}
                   
? 


[4]

! LaTeX Error: \begin{document} ended by \end{mathpar}.

See the LaTeX manual or LaTeX Companion for explanation.
Type  H <return>  for immediate help.
 ...                                              
                                                  
l.395 \end{mathpar}
                   
? 
! Missing $ inserted.
<inserted text> 
                $
l.395 \end{mathpar}
                   
? 
! Display math should end with $$.
<to be read again> 
                   \endgroup 
l.395 \end{mathpar}
                   
? 
! Extra \endgroup.
<recently read> \endgroup 
                          
l.395 \end{mathpar}
                   
? 

Underfull \hbox (badness 10000) in paragraph at lines 436--436

 []


Underfull \hbox (badness 10000) in paragraph at lines 439--439

 []


Underfull \hbox (badness 10000) in paragraph at lines 442--442

 []



[5]

[6] (./paper.aux)
 ***********
LaTeX2e <2024-11-01> patch level 2
L3 programming layer <2025-01-18>
 ***********
 ) 
Here is how much of TeX's memory you used:
 3609 strings out of 473190
 51665 string characters out of 5715801
 481741 words of memory out of 5000000
 26834 multiletter control sequences out of 15000+600000
 576145 words of font info for 102 fonts, out of 8000000 for 9000
 1141 hyphenation exceptions out of 8191
 57i,18n,65p,345b,273s stack positions out of 10000i,1000n,20000p,200000b,200000s
</usr/local/texlive/2025/texmf-dist/fonts/type1/public/amsfonts/cm/cmbx10.pfb
></usr/local/texlive/2025/texmf-dist/fonts/type1/public/amsfonts/cm/cmbx12.pfb>
</usr/local/texlive/2025/texmf-dist/fonts/type1/public/amsfonts/cm/cmcsc10.pfb>
</usr/local/texlive/2025/texmf-dist/fonts/type1/public/amsfonts/cm/cmex10.pfb><
/usr/local/texlive/2025/texmf-dist/fonts/type1/public/amsfonts/cm/cmmi10.pfb></
usr/local/texlive/2025/texmf-dist/fonts/type1/public/amsfonts/cm/cmmi12.pfb></u
sr/local/texlive/2025/texmf-dist/fonts/type1/public/amsfonts/cm/cmmi7.pfb></usr
/local/texlive/2025/texmf-dist/fonts/type1/public/amsfonts/cm/cmr10.pfb></usr/l
ocal/texlive/2025/texmf-dist/fonts/type1/public/amsfonts/cm/cmr12.pfb></usr/loc
al/texlive/2025/texmf-dist/fonts/type1/public/amsfonts/cm/cmr17.pfb></usr/local
/texlive/2025/texmf-dist/fonts/type1/public/amsfonts/cm/cmr7.pfb></usr/local/te
xlive/2025/texmf-dist/fonts/type1/public/amsfonts/cm/cmss10.pfb></usr/local/tex
live/2025/texmf-dist/fonts/type1/public/amsfonts/cm/cmss12.pfb></usr/local/texl
ive/2025/texmf-dist/fonts/type1/public/amsfonts/cm/cmss8.pfb></usr/local/texliv
e/2025/texmf-dist/fonts/type1/public/amsfonts/cm/cmsy10.pfb></usr/local/texlive
/2025/texmf-dist/fonts/type1/public/amsfonts/cm/cmsy7.pfb></usr/local/texlive/2
025/texmf-dist/fonts/type1/public/amsfonts/cm/cmti10.pfb></usr/local/texlive/20
25/texmf-dist/fonts/type1/public/amsfonts/symbols/msam10.pfb></usr/local/texliv
e/2025/texmf-dist/fonts/type1/public/stmaryrd/stmary10.pfb>
Output written on paper.pdf (6 pages, 223456 bytes).
PDF statistics:
 118 PDF objects out of 1000 (max. 8388607)
 71 compressed objects within 1 object stream
 0 named destinations out of 1000 (max. 500000)
 1 words of extra memory for PDF output out of 10000 (max. 10000000)

