{"synthetic": false,
 "outputs":
 {"o": ["16464954006178440905"],
  "i": "8417475686722462400",
  "c": "2618993627462506255"},
 "log":
 [{"message":
   ".> LEAN_PATH=/Users/richiewilynnton/work/envcap/formalization/.lake/build/lib/lean /Users/richiewilynnton/.elan/toolchains/leanprover--lean4---v4.22.0/bin/lean /Users/richiewilynnton/work/envcap/formalization/Formalization/Syntax.lean -o /Users/richiewilynnton/work/envcap/formalization/.lake/build/lib/lean/Formalization/Syntax.olean -i /Users/richiewilynnton/work/envcap/formalization/.lake/build/lib/lean/Formalization/Syntax.ilean -c /Users/richiewilynnton/work/envcap/formalization/.lake/build/ir/Formalization/Syntax.c --setup /Users/richiewilynnton/work/envcap/formalization/.lake/build/ir/Formalization/Syntax.setup.json --json",
   "level": "trace"},
  {"message":
   "Formalization/Syntax.lean:332:70: unused variable `CT`\n\nNote: This linter can be disabled with `set_option linter.unusedVariables false`",
   "level": "warning"}],
 "inputs":
 [["Formalization.Syntax:deps",
   [["deps",
     [["formalization/Formalization:extraDep",
       [["@formalization:extraDep", "1723"]]],
      ["import oleans", "1723"]]],
    ["libs",
     [["import dynlibs", "1723"],
      ["package external libraries", "1723"],
      ["module dynlibs", "1723"],
      ["module plugins", "1723"]]]]],
  ["Lean 4.22.0, commit ba2cbbf09d4978f416e0ebd1fceeebc2c4138c05",
   "8739116525927611134"],
  ["/Users/richiewilynnton/work/envcap/formalization/Formalization/Syntax.lean",
   "6609201686030519622"],
  ["options", "1723"],
  ["Module.leanArgs: #[]", "1723"]],
 "depHash": "2465204989587797020"}