{"synthetic": false,
 "outputs":
 {"o": ["13520787528144098204"],
  "i": "8413870063952217329",
  "c": "10855620047159255148"},
 "log":
 [{"message":
   ".> LEAN_PATH=/Users/richiewilynnton/work/envcap/formalization/.lake/build/lib/lean /Users/richiewilynnton/.elan/toolchains/leanprover--lean4---v4.22.0/bin/lean /Users/richiewilynnton/work/envcap/formalization/Formalization/LambdaE/Syntax.lean -o /Users/richiewilynnton/work/envcap/formalization/.lake/build/lib/lean/Formalization/LambdaE/Syntax.olean -i /Users/richiewilynnton/work/envcap/formalization/.lake/build/lib/lean/Formalization/LambdaE/Syntax.ilean -c /Users/richiewilynnton/work/envcap/formalization/.lake/build/ir/Formalization/LambdaE/Syntax.c --setup /Users/richiewilynnton/work/envcap/formalization/.lake/build/ir/Formalization/LambdaE/Syntax.setup.json --json",
   "level": "trace"}],
 "inputs":
 [["Formalization.LambdaE.Syntax:deps",
   [["deps",
     [["formalization/Formalization:extraDep",
       [["@formalization:extraDep", "1723"]]],
      ["import oleans", "1723"]]],
    ["libs",
     [["import dynlibs", "1723"],
      ["package external libraries", "1723"],
      ["module dynlibs", "1723"],
      ["module plugins", "1723"]]]]],
  ["Lean 4.22.0, commit ba2cbbf09d4978f416e0ebd1fceeebc2c4138c05",
   "8739116525927611134"],
  ["/Users/richiewilynnton/work/envcap/formalization/Formalization/LambdaE/Syntax.lean",
   "1728540518890954029"],
  ["options", "1723"],
  ["Module.leanArgs: #[]", "1723"]],
 "depHash": "3005751552809642387"}