{"synthetic": false,
 "outputs":
 {"o": ["7131381879110879047"],
  "i": "152023084144293590",
  "c": "5762115112424231110"},
 "log":
 [{"message":
   ".> LEAN_PATH=/Users/richiewilynnton/work/envcap/formalization/.lake/build/lib/lean /Users/richiewilynnton/.elan/toolchains/leanprover--lean4---v4.22.0/bin/lean /Users/richiewilynnton/work/envcap/formalization/Formalization.lean -o /Users/richiewilynnton/work/envcap/formalization/.lake/build/lib/lean/Formalization.olean -i /Users/richiewilynnton/work/envcap/formalization/.lake/build/lib/lean/Formalization.ilean -c /Users/richiewilynnton/work/envcap/formalization/.lake/build/ir/Formalization.c --setup /Users/richiewilynnton/work/envcap/formalization/.lake/build/ir/Formalization.setup.json --json",
   "level": "trace"}],
 "inputs":
 [["Formalization:deps",
   [["deps",
     [["formalization/Formalization:extraDep",
       [["@formalization:extraDep", "1723"]]],
      ["import oleans",
       [["Formalization.ENVCAP.Syntax:olean",
         [["Formalization.ENVCAP.Syntax:deps", "12720339749678921893"],
          ["/Users/richiewilynnton/work/envcap/formalization/.lake/build/lib/lean/Formalization/ENVCAP/Syntax.olean",
           "15025683696865535918"]]],
        ["Formalization.LambdaE.Syntax:olean",
         [["Formalization.LambdaE.Syntax:deps", "12720339749678921893"],
          ["/Users/richiewilynnton/work/envcap/formalization/.lake/build/lib/lean/Formalization/LambdaE/Syntax.olean",
           "13520787528144098204"]]],
        ["Formalization.Elaboration.Rules:olean",
         [["Formalization.Elaboration.Rules:deps", "13542207273166781784"],
          ["/Users/richiewilynnton/work/envcap/formalization/.lake/build/lib/lean/Formalization/Elaboration/Rules.olean",
           "11147216638982326627"]]],
        ["Formalization.Elaboration.Theorems:olean",
         [["Formalization.Elaboration.Theorems:deps", "8244397633280283414"],
          ["/Users/richiewilynnton/work/envcap/formalization/.lake/build/lib/lean/Formalization/Elaboration/Theorems.olean",
           "5516996788547443186"]]]]]]],
    ["libs",
     [["import dynlibs", "1723"],
      ["package external libraries", "1723"],
      ["module dynlibs", "1723"],
      ["module plugins", "1723"]]]]],
  ["Lean 4.22.0, commit ba2cbbf09d4978f416e0ebd1fceeebc2c4138c05",
   "8739116525927611134"],
  ["/Users/richiewilynnton/work/envcap/formalization/Formalization.lean",
   "10484695146720132011"],
  ["options", "1723"],
  ["Module.leanArgs: #[]", "1723"]],
 "depHash": "9367790875687759513"}