{"synthetic": false,
 "outputs":
 {"o": ["16948350532888222873"],
  "i": "7495272451429366381",
  "c": "14299903978059002272"},
 "log":
 [{"message":
   ".> LEAN_PATH=/Users/richiewilynnton/work/envcap/formalization/.lake/build/lib/lean /Users/richiewilynnton/.elan/toolchains/leanprover--lean4---v4.22.0/bin/lean /Users/richiewilynnton/work/envcap/formalization/Main.lean -o /Users/richiewilynnton/work/envcap/formalization/.lake/build/lib/lean/Main.olean -i /Users/richiewilynnton/work/envcap/formalization/.lake/build/lib/lean/Main.ilean -c /Users/richiewilynnton/work/envcap/formalization/.lake/build/ir/Main.c --setup /Users/richiewilynnton/work/envcap/formalization/.lake/build/ir/Main.setup.json --json",
   "level": "trace"}],
 "inputs":
 [["Main:deps",
   [["deps",
     [["formalization/formalization:extraDep",
       [["@formalization:extraDep", "1723"]]],
      ["import oleans",
       [["Formalization:olean",
         [["Formalization:deps", "10318189982029493358"],
          ["/Users/richiewilynnton/work/envcap/formalization/.lake/build/lib/lean/Formalization.olean",
           "7131381879110879047"]]]]]]],
    ["libs",
     [["import dynlibs", "1723"],
      ["package external libraries", "1723"],
      ["module dynlibs", "1723"],
      ["module plugins", "1723"]]]]],
  ["Lean 4.22.0, commit ba2cbbf09d4978f416e0ebd1fceeebc2c4138c05",
   "8739116525927611134"],
  ["/Users/richiewilynnton/work/envcap/formalization/Main.lean",
   "11957922277372546969"],
  ["options", "1723"],
  ["Module.leanArgs: #[]", "1723"]],
 "depHash": "15265059179678367301"}