{"synthetic": false,
 "schemaVersion": "2025-09-10",
 "outputs":
 {"o": ["e042955a2d9928cd.olean"],
  "i": "54da9b243e4410db.ilean",
  "c": "a0869a9335c49d84.c"},
 "log":
 [{"message":
   ".> LEAN_PATH=/Users/jamkabeeralikhan/Documents/Programming/EnvML/lean-sce/.lake/packages/Cli/.lake/build/lib/lean:/Users/jamkabeeralikhan/Documents/Programming/EnvML/lean-sce/.lake/packages/batteries/.lake/build/lib/lean:/Users/jamkabeeralikhan/Documents/Programming/EnvML/lean-sce/.lake/packages/Qq/.lake/build/lib/lean:/Users/jamkabeeralikhan/Documents/Programming/EnvML/lean-sce/.lake/packages/aesop/.lake/build/lib/lean:/Users/jamkabeeralikhan/Documents/Programming/EnvML/lean-sce/.lake/packages/proofwidgets/.lake/build/lib/lean:/Users/jamkabeeralikhan/Documents/Programming/EnvML/lean-sce/.lake/packages/importGraph/.lake/build/lib/lean:/Users/jamkabeeralikhan/Documents/Programming/EnvML/lean-sce/.lake/packages/LeanSearchClient/.lake/build/lib/lean:/Users/jamkabeeralikhan/Documents/Programming/EnvML/lean-sce/.lake/packages/plausible/.lake/build/lib/lean:/Users/jamkabeeralikhan/Documents/Programming/EnvML/lean-sce/.lake/packages/mathlib/.lake/build/lib/lean:/Users/jamkabeeralikhan/Documents/Programming/EnvML/lean-sce/.lake/build/lib/lean /Users/jamkabeeralikhan/.elan/toolchains/leanprover--lean4---v4.28.0/bin/lean /Users/jamkabeeralikhan/Documents/Programming/EnvML/lean-sce/SCE/Syntax.lean -o /Users/jamkabeeralikhan/Documents/Programming/EnvML/lean-sce/.lake/build/lib/lean/SCE/Syntax.olean -i /Users/jamkabeeralikhan/Documents/Programming/EnvML/lean-sce/.lake/build/lib/lean/SCE/Syntax.ilean -c /Users/jamkabeeralikhan/Documents/Programming/EnvML/lean-sce/.lake/build/ir/SCE/Syntax.c --setup /Users/jamkabeeralikhan/Documents/Programming/EnvML/lean-sce/.lake/build/ir/SCE/Syntax.setup.json --json",
   "level": "trace"}],
 "inputs":
 [["SCE.Syntax:deps",
   [["deps",
     [["RequestProject/SCE:extraDep",
       [["@RequestProject:extraDep", "00000000000006bb"]]],
      ["imports", "00000000000006bb"]]],
    ["libs",
     [["import dynlibs", "00000000000006bb"],
      ["package external libraries", "00000000000006bb"],
      ["module dynlibs", "00000000000006bb"],
      ["module plugins", "00000000000006bb"]]]]],
  ["Lean 4.28.0, commit 7e01a1bf5c70fc6167d49c345d3bf80596e9a79b",
   "a96bc04a2e5e9630"],
  ["/Users/jamkabeeralikhan/Documents/Programming/EnvML/lean-sce/SCE/Syntax.lean",
   "19920281dfceee8a"],
  ["options", "00000000000006bb"],
  ["Module.leanArgs: #[]", "00000000000006bb"]],
 "depHash": "6ec3a2c9748a9dcf"}