{"synthetic": false,
 "outputs":
 {"o": ["11147216638982326627"],
  "i": "2102159814920291871",
  "c": "11155327880304465772"},
 "log":
 [{"message":
   ".> LEAN_PATH=/Users/richiewilynnton/work/envcap/formalization/.lake/build/lib/lean /Users/richiewilynnton/.elan/toolchains/leanprover--lean4---v4.22.0/bin/lean /Users/richiewilynnton/work/envcap/formalization/Formalization/Elaboration/Rules.lean -o /Users/richiewilynnton/work/envcap/formalization/.lake/build/lib/lean/Formalization/Elaboration/Rules.olean -i /Users/richiewilynnton/work/envcap/formalization/.lake/build/lib/lean/Formalization/Elaboration/Rules.ilean -c /Users/richiewilynnton/work/envcap/formalization/.lake/build/ir/Formalization/Elaboration/Rules.c --setup /Users/richiewilynnton/work/envcap/formalization/.lake/build/ir/Formalization/Elaboration/Rules.setup.json --json",
   "level": "trace"}],
 "inputs":
 [["Formalization.Elaboration.Rules:deps",
   [["deps",
     [["formalization/Formalization:extraDep",
       [["@formalization:extraDep", "1723"]]],
      ["import oleans",
       [["Formalization.ENVCAP.Syntax:olean",
         [["Formalization.ENVCAP.Syntax:deps", "12720339749678921893"],
          ["/Users/richiewilynnton/work/envcap/formalization/.lake/build/lib/lean/Formalization/ENVCAP/Syntax.olean",
           "15025683696865535918"]]],
        ["Formalization.LambdaE.Syntax:olean",
         [["Formalization.LambdaE.Syntax:deps", "12720339749678921893"],
          ["/Users/richiewilynnton/work/envcap/formalization/.lake/build/lib/lean/Formalization/LambdaE/Syntax.olean",
           "13520787528144098204"]]]]]]],
    ["libs",
     [["import dynlibs", "1723"],
      ["package external libraries", "1723"],
      ["module dynlibs", "1723"],
      ["module plugins", "1723"]]]]],
  ["Lean 4.22.0, commit ba2cbbf09d4978f416e0ebd1fceeebc2c4138c05",
   "8739116525927611134"],
  ["/Users/richiewilynnton/work/envcap/formalization/Formalization/Elaboration/Rules.lean",
   "16224606671752836780"],
  ["options", "1723"],
  ["Module.leanArgs: #[]", "1723"]],
 "depHash": "18207976602615763467"}