{"synthetic": false,
 "schemaVersion": "2025-09-10",
 "outputs":
 {"o": ["b65ef3b002fd8b51.olean"],
  "i": "bca841d637e88b71.ilean",
  "c": "fdcab11f52b1da42.c"},
 "log":
 [{"message":
   ".> LEAN_PATH=/Users/jamkabeeralikhan/Documents/Programming/EnvML/lean-sce/.lake/packages/Cli/.lake/build/lib/lean:/Users/jamkabeeralikhan/Documents/Programming/EnvML/lean-sce/.lake/packages/batteries/.lake/build/lib/lean:/Users/jamkabeeralikhan/Documents/Programming/EnvML/lean-sce/.lake/packages/Qq/.lake/build/lib/lean:/Users/jamkabeeralikhan/Documents/Programming/EnvML/lean-sce/.lake/packages/aesop/.lake/build/lib/lean:/Users/jamkabeeralikhan/Documents/Programming/EnvML/lean-sce/.lake/packages/proofwidgets/.lake/build/lib/lean:/Users/jamkabeeralikhan/Documents/Programming/EnvML/lean-sce/.lake/packages/importGraph/.lake/build/lib/lean:/Users/jamkabeeralikhan/Documents/Programming/EnvML/lean-sce/.lake/packages/LeanSearchClient/.lake/build/lib/lean:/Users/jamkabeeralikhan/Documents/Programming/EnvML/lean-sce/.lake/packages/plausible/.lake/build/lib/lean:/Users/jamkabeeralikhan/Documents/Programming/EnvML/lean-sce/.lake/packages/mathlib/.lake/build/lib/lean:/Users/jamkabeeralikhan/Documents/Programming/EnvML/lean-sce/.lake/build/lib/lean /Users/jamkabeeralikhan/.elan/toolchains/leanprover--lean4---v4.28.0/bin/lean /Users/jamkabeeralikhan/Documents/Programming/EnvML/lean-sce/Elaboration.lean -o /Users/jamkabeeralikhan/Documents/Programming/EnvML/lean-sce/.lake/build/lib/lean/Elaboration.olean -i /Users/jamkabeeralikhan/Documents/Programming/EnvML/lean-sce/.lake/build/lib/lean/Elaboration.ilean -c /Users/jamkabeeralikhan/Documents/Programming/EnvML/lean-sce/.lake/build/ir/Elaboration.c --setup /Users/jamkabeeralikhan/Documents/Programming/EnvML/lean-sce/.lake/build/ir/Elaboration.setup.json --json",
   "level": "trace"}],
 "inputs":
 [["Elaboration:deps",
   [["deps",
     [["RequestProject/Elaboration:extraDep",
       [["@RequestProject:extraDep", "00000000000006bb"]]],
      ["imports",
       [["SCE.Syntax transitive imports (legacy)", "00000000000006bb"],
        ["SCE.Syntax:importAllArts", "6dceb84e58f1dc46"],
        ["Core.Syntax transitive imports (legacy)", "00000000000006bb"],
        ["Core.Syntax:importAllArts", "8da696d05149b551"]]]]],
    ["libs",
     [["import dynlibs", "00000000000006bb"],
      ["package external libraries", "00000000000006bb"],
      ["module dynlibs", "00000000000006bb"],
      ["module plugins", "00000000000006bb"]]]]],
  ["Lean 4.28.0, commit 7e01a1bf5c70fc6167d49c345d3bf80596e9a79b",
   "a96bc04a2e5e9630"],
  ["/Users/jamkabeeralikhan/Documents/Programming/EnvML/lean-sce/Elaboration.lean",
   "e0e9e641e1be5ebe"],
  ["options", "00000000000006bb"],
  ["Module.leanArgs: #[]", "00000000000006bb"]],
 "depHash": "44a116454ada7549"}