{"synthetic": false,
 "schemaVersion": "2025-09-10",
 "outputs":
 {"o": ["08a79cb782ae017e.olean"],
  "i": "b28da310998614ec.ilean",
  "c": "9163f1825b4c2e17.c"},
 "log":
 [{"message":
   ".> LEAN_PATH=/Users/jamkabeeralikhan/Documents/Programming/EnvML/lean-sce/.lake/packages/Cli/.lake/build/lib/lean:/Users/jamkabeeralikhan/Documents/Programming/EnvML/lean-sce/.lake/packages/batteries/.lake/build/lib/lean:/Users/jamkabeeralikhan/Documents/Programming/EnvML/lean-sce/.lake/packages/Qq/.lake/build/lib/lean:/Users/jamkabeeralikhan/Documents/Programming/EnvML/lean-sce/.lake/packages/aesop/.lake/build/lib/lean:/Users/jamkabeeralikhan/Documents/Programming/EnvML/lean-sce/.lake/packages/proofwidgets/.lake/build/lib/lean:/Users/jamkabeeralikhan/Documents/Programming/EnvML/lean-sce/.lake/packages/importGraph/.lake/build/lib/lean:/Users/jamkabeeralikhan/Documents/Programming/EnvML/lean-sce/.lake/packages/LeanSearchClient/.lake/build/lib/lean:/Users/jamkabeeralikhan/Documents/Programming/EnvML/lean-sce/.lake/packages/plausible/.lake/build/lib/lean:/Users/jamkabeeralikhan/Documents/Programming/EnvML/lean-sce/.lake/packages/mathlib/.lake/build/lib/lean:/Users/jamkabeeralikhan/Documents/Programming/EnvML/lean-sce/.lake/build/lib/lean /Users/jamkabeeralikhan/.elan/toolchains/leanprover--lean4---v4.28.0/bin/lean /Users/jamkabeeralikhan/Documents/Programming/EnvML/lean-sce/Core/Semantics.lean -o /Users/jamkabeeralikhan/Documents/Programming/EnvML/lean-sce/.lake/build/lib/lean/Core/Semantics.olean -i /Users/jamkabeeralikhan/Documents/Programming/EnvML/lean-sce/.lake/build/lib/lean/Core/Semantics.ilean -c /Users/jamkabeeralikhan/Documents/Programming/EnvML/lean-sce/.lake/build/ir/Core/Semantics.c --setup /Users/jamkabeeralikhan/Documents/Programming/EnvML/lean-sce/.lake/build/ir/Core/Semantics.setup.json --json",
   "level": "trace"}],
 "inputs":
 [["Core.Semantics:deps",
   [["deps",
     [["RequestProject/Core:extraDep",
       [["@RequestProject:extraDep", "00000000000006bb"]]],
      ["imports",
       [["Core.Syntax transitive imports (legacy)", "00000000000006bb"],
        ["Core.Syntax:importAllArts", "8da696d05149b551"]]]]],
    ["libs",
     [["import dynlibs", "00000000000006bb"],
      ["package external libraries", "00000000000006bb"],
      ["module dynlibs", "00000000000006bb"],
      ["module plugins", "00000000000006bb"]]]]],
  ["Lean 4.28.0, commit 7e01a1bf5c70fc6167d49c345d3bf80596e9a79b",
   "a96bc04a2e5e9630"],
  ["/Users/jamkabeeralikhan/Documents/Programming/EnvML/lean-sce/Core/Semantics.lean",
   "5d9c1ebcb0f88b04"],
  ["options", "00000000000006bb"],
  ["Module.leanArgs: #[]", "00000000000006bb"]],
 "depHash": "84dbdc00f62d8382"}